<?xml version="1.0" encoding="UTF-8"?>
<!-- Generated by org.testng.reporters.JUnitReportReporter -->
<testsuite hostname="Sireena-PC" failures="0" tests="3" name="Task1" time="3.521" errors="0" timestamp="2024-06-11T23:42:18 EET" skipped="0">
  <testcase classname="Task1" name="Log_in" time="2.275"/>
  <system-out/>
  <testcase classname="Task1" name="verifiyTheWordProductIsThere" time="0.036"/>
  <system-out/>
  <testcase classname="Task1" name="SortingItems" time="1.210"/>
  <system-out/>
</testsuite> <!-- Task1 -->
